# JRE version: Java(TM) SE Runtime Environment (8.0_45-b14) (build 1.8.0_45-b14)
# Java VM: Java HotSpot(TM) Server VM (25.45-b02 mixed mode linux-x86 )
Heap:
 PSYoungGen      total 19200K, used 11948K [0xd18c0000, 0xd3e40000, 0xe6e00000)
  eden space 16640K, 56% used [0xd18c0000,0xd21eb850,0xd2900000)
  from space 2560K, 99% used [0xd2900000,0xd2b7f818,0xd2b80000)
  to   space 2560K, 0% used [0xd3bc0000,0xd3bc0000,0xd3e40000)
 ParOldGen       total 43776K, used 8554K [0xa6e00000, 0xa98c0000, 0xd18c0000)
  object space 43776K, 19% used [0xa6e00000,0xa765a840,0xa98c0000)
 Metaspace       used 11111K, capacity 11923K, committed 11952K, reserved 12592K
GC Heap History (6 events):
Event: 0.516 GC heap before
{Heap before GC invocations=1 (full 0):
 PSYoungGen      total 19200K, used 16640K [0xd18c0000, 0xd2e00000, 0xe6e00000)
  eden space 16640K, 100% used [0xd18c0000,0xd2900000,0xd2900000)
  from space 2560K, 0% used [0xd2b80000,0xd2b80000,0xd2e00000)
  to   space 2560K, 0% used [0xd2900000,0xd2900000,0xd2b80000)
 ParOldGen       total 43776K, used 0K [0xa6e00000, 0xa98c0000, 0xd18c0000)
  object space 43776K, 0% used [0xa6e00000,0xa6e00000,0xa98c0000)
 Metaspace       used 5057K, capacity 5532K, committed 5552K, reserved 6448K
Event: 0.519 GC heap after
Heap after GC invocations=1 (full 0):
 PSYoungGen      total 19200K, used 2547K [0xd18c0000, 0xd2e00000, 0xe6e00000)
  eden space 16640K, 0% used [0xd18c0000,0xd18c0000,0xd2900000)
  from space 2560K, 99% used [0xd2900000,0xd2b7cf80,0xd2b80000)
  to   space 2560K, 0% used [0xd2b80000,0xd2b80000,0xd2e00000)
 ParOldGen       total 43776K, used 1015K [0xa6e00000, 0xa98c0000, 0xd18c0000)
  object space 43776K, 2% used [0xa6e00000,0xa6efdf40,0xa98c0000)
 Metaspace       used 5057K, capacity 5532K, committed 5552K, reserved 6448K
}
Event: 0.949 GC heap before
{Heap before GC invocations=2 (full 0):
 PSYoungGen      total 19200K, used 19187K [0xd18c0000, 0xd2e00000, 0xe6e00000)
  eden space 16640K, 100% used [0xd18c0000,0xd2900000,0xd2900000)
  from space 2560K, 99% used [0xd2900000,0xd2b7cf80,0xd2b80000)
  to   space 2560K, 0% used [0xd2b80000,0xd2b80000,0xd2e00000)
 ParOldGen       total 43776K, used 1015K [0xa6e00000, 0xa98c0000, 0xd18c0000)
  object space 43776K, 2% used [0xa6e00000,0xa6efdf40,0xa98c0000)
 Metaspace       used 8222K, capacity 9018K, committed 9136K, reserved 9520K
Event: 0.954 GC heap after
Heap after GC invocations=2 (full 0):
 PSYoungGen      total 19200K, used 2554K [0xd18c0000, 0xd2e00000, 0xe6e00000)
  eden space 16640K, 0% used [0xd18c0000,0xd18c0000,0xd2900000)
  from space 2560K, 99% used [0xd2b80000,0xd2dfe9d0,0xd2e00000)
  to   space 2560K, 0% used [0xd2900000,0xd2900000,0xd2b80000)
 ParOldGen       total 43776K, used 3011K [0xa6e00000, 0xa98c0000, 0xd18c0000)
  object space 43776K, 6% used [0xa6e00000,0xa70f0d30,0xa98c0000)
 Metaspace       used 8222K, capacity 9018K, committed 9136K, reserved 9520K
}
Event: 1.377 GC heap before
{Heap before GC invocations=3 (full 0):
 PSYoungGen      total 19200K, used 19194K [0xd18c0000, 0xd2e00000, 0xe6e00000)
  eden space 16640K, 100% used [0xd18c0000,0xd2900000,0xd2900000)
  from space 2560K, 99% used [0xd2b80000,0xd2dfe9d0,0xd2e00000)
  to   space 2560K, 0% used [0xd2900000,0xd2900000,0xd2b80000)
 ParOldGen       total 43776K, used 3011K [0xa6e00000, 0xa98c0000, 0xd18c0000)
  object space 43776K, 6% used [0xa6e00000,0xa70f0d30,0xa98c0000)
 Metaspace       used 10721K, capacity 11514K, committed 11568K, reserved 11568K
Event: 1.384 GC heap after
Heap after GC invocations=3 (full 0):
 PSYoungGen      total 19200K, used 2558K [0xd18c0000, 0xd3e40000, 0xe6e00000)
  eden space 16640K, 0% used [0xd18c0000,0xd18c0000,0xd2900000)
  from space 2560K, 99% used [0xd2900000,0xd2b7f818,0xd2b80000)
  to   space 2560K, 0% used [0xd3bc0000,0xd3bc0000,0xd3e40000)
 ParOldGen       total 43776K, used 8554K [0xa6e00000, 0xa98c0000, 0xd18c0000)
  object space 43776K, 19% used [0xa6e00000,0xa765a840,0xa98c0000)
 Metaspace       used 10721K, capacity 11514K, committed 11568K, reserved 11568K
}

